<?xml version="1.0" encoding="utf-8"?><testsuites name="pytest tests"><testsuite name="pytest" errors="0" failures="0" skipped="0" tests="8" time="2.017" timestamp="2026-05-02T22:27:29.825288+00:00" hostname="agent-env-0406eb9a-e93b-4960-98de-a1ce83be1de2"><testcase classname="backend.tests.backend_test" name="test_root" time="0.276" /><testcase classname="backend.tests.backend_test" name="test_services_list" time="0.214" /><testcase classname="backend.tests.backend_test" name="test_create_lead_success" time="0.200" /><testcase classname="backend.tests.backend_test" name="test_create_lead_validation_empty_name" time="0.157" /><testcase classname="backend.tests.backend_test" name="test_create_lead_validation_empty_phone" time="0.185" /><testcase classname="backend.tests.backend_test" name="test_create_lead_whitespace_only" time="0.170" /><testcase classname="backend.tests.backend_test" name="test_list_leads" time="0.202" /><testcase classname="backend.tests.backend_test" name="test_lead_persistence" time="0.209" /></testsuite></testsuites>