<?xml version="1.0" encoding="utf-8"?><testsuites name="pytest tests"><testsuite name="pytest" errors="0" failures="0" skipped="0" tests="8" time="2.040" timestamp="2026-05-02T23:04:58.621386+00:00" hostname="agent-env-0406eb9a-e93b-4960-98de-a1ce83be1de2"><testcase classname="backend.tests.backend_test" name="test_root" time="0.285" /><testcase classname="backend.tests.backend_test" name="test_services_list" time="0.179" /><testcase classname="backend.tests.backend_test" name="test_create_lead_success" time="0.198" /><testcase classname="backend.tests.backend_test" name="test_create_lead_validation_empty_name" time="0.173" /><testcase classname="backend.tests.backend_test" name="test_create_lead_validation_empty_phone" time="0.176" /><testcase classname="backend.tests.backend_test" name="test_create_lead_whitespace_only" time="0.159" /><testcase classname="backend.tests.backend_test" name="test_list_leads" time="0.240" /><testcase classname="backend.tests.backend_test" name="test_lead_persistence" time="0.188" /></testsuite></testsuites>